1.415
[('815.558230562577', 1.4140), ('759.628721960727', 1.4141), ('704.772829597617', 1.4142), ('648.741429190134', 1.4143), ('593.866825751960', 1.4144), ('538.859146275520', 1.4145), ('482.844245817464', 1.4146), ('427.971093165124', 1.4147), ('371.964950575633', 1.4148), ('317.112552309685', 1.4149), ('261.044094812810', 1.4150), ('206.103292304060', 1.4151), ('151.156325545503', 1.4152), ('95.1122803313342', 1.4153), ('40.0950809960000', 1.4154), ('15.8371458958147', 1.4155), ('70.9185108569540', 1.4156), ('126.919893410936', 1.4157), ('181.873245298110', 1.4158), ('236.975667127416', 1.4159)]
1.4157
[('71.0078970491320', 1.41560), ('76.6049991639592', 1.41561), ('82.0337753348902', 1.41562), ('87.6528446078424', 1.41563), ('93.2137101349322', 1.41564), ('98.6184393113453', 1.41565), ('104.096431255016', 1.41566), ('109.721522304455', 1.41567), ('115.301900356652', 1.41568), ('120.823762044483', 1.41569), ('126.438347024556', 1.41570), ('131.913852107775', 1.41571), ('137.427556118066', 1.41572), ('143.095408460648', 1.41573), ('148.596558744291', 1.41574), ('154.079533017084', 1.41575), ('159.644983423272', 1.41576), ('165.215845008458', 1.41577), ('170.728888493695', 1.41578), ('176.332468333220', 1.41579)]
1.41566
[('98.7082767167616', 1.415650), ('99.2841222311723', 1.415651), ('99.8003089036508', 1.415652), ('100.383718984008', 1.415653), ('100.907632158089', 1.415654), ('101.431778926375', 1.415655), ('102.007236050517', 1.415656), ('102.591959205513', 1.415657), ('103.120789784772', 1.415658), ('103.662815440470', 1.415659), ('104.257274194148', 1.415660), ('104.747814697112', 1.415661), ('105.291695568819', 1.415662), ('105.836027561574', 1.415663), ('106.506315045486', 1.415664), ('107.015080472712', 1.415665), ('107.561904662402', 1.415666), ('108.074893163835', 1.415667), ('108.702746979873', 1.415668), ('109.201924366915', 1.415669)]
1.415653
[('99.7948690376555', 1.4156520), ('99.8577738752256', 1.4156521), ('99.9053136601688', 1.4156522), ('99.9481877379000', 1.4156523), ('99.9847593093241', 1.4156524), ('100.022909626483', 1.4156525), ('100.095671153502', 1.4156526), ('100.236345015856', 1.4156527), ('100.207268776802', 1.4156528), ('100.266127323248', 1.4156529), ('100.252748422926', 1.4156530), ('100.313293989060', 1.4156531), ('100.452362407374', 1.4156532), ('100.464068187348', 1.4156533), ('100.493993408425', 1.4156534), ('100.659526386955', 1.4156535), ('100.644934736537', 1.4156536), ('100.736633853265', 1.4156537), ('100.743883208631', 1.4156538), ('100.830895976984', 1.4156539)]
1.4156525
[('99.9790945733531', 1.41565240), ('100.025314969947', 1.41565241), ('100.074551332228', 1.41565242), ('100.067808415009', 1.41565243), ('100.000106101182', 1.41565244), ('100.079492431910', 1.41565245), ('100.062237065105', 1.41565246), ('100.058438578843', 1.41565247), ('100.075230112744', 1.41565248), ('100.037918469323', 1.41565249), ('100.060248268056', 1.41565250), ('100.127904277415', 1.41565251), ('100.103980714202', 1.41565252), ('100.096615718024', 1.41565253), ('100.077902901446', 1.41565254), ('100.153262572559', 1.41565255), ('100.068756589917', 1.41565256), ('100.057892159419', 1.41565257), ('100.125918303287', 1.41565258), ('100.096763968414', 1.41565259)]
1.41565244
[('99.9803568903485', 1.415652430), ('99.9473655150470', 1.415652431), ('100.047357187830', 1.415652432), ('99.9939466215519', 1.415652433), ('100.074835938728', 1.415652434), ('99.9741569254884', 1.415652435), ('99.9623749348509', 1.415652436), ('100.111324023453', 1.415652437), ('100.077839636100', 1.415652438), ('100.054568116148', 1.415652439), ('100.050761767607', 1.415652440), ('100.069489591855', 1.415652441), ('100.074085289728', 1.415652442), ('100.089148720828', 1.415652443), ('100.066768571264', 1.415652444), ('100.055065452935', 1.415652445), ('100.028603627460', 1.415652446), ('100.064917941823', 1.415652447), ('100.047095069187', 1.415652448), ('100.019568915518', 1.415652449)]
1.415652449
[('99.9850665398596', 1.4156524480), ('100.081044463766', 1.4156524481), ('100.030927368078', 1.4156524482), ('100.042396293623', 1.4156524483), ('100.019168805646', 1.4156524484), ('100.056519135865', 1.4156524485), ('100.067081047197', 1.4156524486), ('100.139190210315', 1.4156524487), ('100.086137950880', 1.4156524488), ('100.068921541857', 1.4156524489), ('100.070208354074', 1.4156524490), ('99.9952769930575', 1.4156524491), ('100.049133844447', 1.4156524492), ('100.011774968037', 1.4156524493), ('99.9731863686057', 1.4156524494), ('100.086448540062', 1.4156524495), ('100.083623152533', 1.4156524496), ('100.076480018083', 1.4156524497), ('100.005265362244', 1.4156524498), ('100.028935348502', 1.4156524499)]
1.4156524498
[('99.9968933516235', 1.41565244970), ('99.9819538979845', 1.41565244971), ('100.097239046046', 1.41565244972), ('100.026159291853', 1.41565244973), ('100.057697515684', 1.41565244974), ('100.017000114095', 1.41565244975), ('100.048199566543', 1.41565244976), ('100.100878855378', 1.41565244977), ('100.026304497020', 1.41565244978), ('100.061766662704', 1.41565244979), ('100.098145191395', 1.41565244980), ('100.053623666832', 1.41565244981), ('99.9905034823442', 1.41565244982), ('100.006314205507', 1.41565244983), ('100.003547313795', 1.41565244984), ('100.053186594063', 1.41565244985), ('100.021469106109', 1.41565244986), ('100.044974694350', 1.41565244987), ('100.021222319026', 1.41565244988), ('100.010795358972', 1.41565244989)]
1.41565244984
[('100.031213270133', 1.415652449830), ('100.038442780055', 1.415652449831), ('100.009430764857', 1.415652449832), ('100.016338161474', 1.415652449833), ('99.9645988482863', 1.415652449834), ('100.052634021140', 1.415652449835), ('100.016619256630', 1.415652449836), ('100.044826666287', 1.415652449837), ('100.053747055695', 1.415652449838), ('100.049950256959', 1.415652449839), ('99.9920569780238', 1.415652449840), ('100.079433724282', 1.415652449841), ('99.9878169905992', 1.415652449842), ('100.066280451046', 1.415652449843), ('99.9805421127482', 1.415652449844), ('100.088908208794', 1.415652449845), ('100.041214197453', 1.415652449846), ('100.041052013056', 1.415652449847), ('100.056190942972', 1.415652449848), ('100.062380067218', 1.415652449849)]
1.415652449832
[('100.038442780055', 1.4156524498310), ('100.012307230797', 1.4156524498311), ('100.017975906433', 1.4156524498312), ('100.016625262338', 1.4156524498313), ('100.014345549388', 1.4156524498314), ('100.052890816931', 1.4156524498315), ('100.088780049900', 1.4156524498316), ('100.028520792727', 1.4156524498317), ('100.037473181136', 1.4156524498318), ('100.083129181295', 1.4156524498319), ('100.010915004602', 1.4156524498320), ('100.040097087780', 1.4156524498321), ('100.046882094501', 1.4156524498322), ('100.049332560833', 1.4156524498323), ('100.063853626454', 1.4156524498324), ('100.076273232884', 1.4156524498325), ('100.039237500384', 1.4156524498326), ('100.021827885843', 1.4156524498327), ('100.025029271269', 1.4156524498328), ('100.034389808886', 1.4156524498329)]
1.4156524498320
Traceback (most recent call last):
  File "tetrahedron_multiproc_precision.py", line 212, in <module>
    b=str(Decimal(a+str(i)))
decimal.InvalidOperation: [<class 'decimal.ConversionSyntax'>]
