error with line in angles file: 
---
nodes
0 ['A', 'first']
1 ['B', 'B_C']
2 ['C']
3 ['D', 'D_E']
4 ['E']
5 ['F', 'F_G']
6 ['G']
7 ['H', 'H_I']
8 ['I']
9 ['J', 'J_K']
10 ['K']
11 ['L', 'L_M']
12 ['M']
13 ['N', 'last']
14 ['O']
---
spokes
('A', 'first') {'set': 'spokes', 'index': 0} 0
('B', 'B_C') {'set': 'spokes', 'index': 1} 1
('C', 'B_C') {'set': 'spokes', 'index': 2} 2
('D', 'D_E') {'set': 'spokes', 'index': 3} 3
('E', 'D_E') {'set': 'spokes', 'index': 4} 4
('F', 'F_G') {'set': 'spokes', 'index': 5} 5
('G', 'F_G') {'set': 'spokes', 'index': 6} 6
('H', 'H_I') {'set': 'spokes', 'index': 7} 7
('I', 'H_I') {'set': 'spokes', 'index': 8} 8
('J', 'J_K') {'set': 'spokes', 'index': 9} 9
('K', 'J_K') {'set': 'spokes', 'index': 10} 10
('L', 'L_M') {'set': 'spokes', 'index': 11} 11
('M', 'L_M') {'set': 'spokes', 'index': 12} 12
('N', 'last') {'set': 'spokes', 'index': 13} 13
('O', 'last') {'set': 'spokes', 'index': 14} 14
---
fold spoke indices [1, 2, 3, 4, 5, 6, 7, 8, 9, 10, 11, 12, 13]
angle 0.0
angle 0.010037037231916271
angle 0.020074074463832543
angle 0.030111111695748816
angle 0.040148148927665085
angle 0.050185186159581355
angle 0.06022222339149763
angle 0.0702592606234139
angle 0.08029629785533017
angle 0.09033333508724645
angle 0.10037037231916271
angle 0.11040740955107899
angle 0.12044444678299526
angle 0.13048148401491153
angle 0.1405185212468278
angle 0.15055555847874408
angle 0.16059259571066034
angle 0.1706296329425766
angle 0.1806666701744929
angle 0.19070370740640916
angle 0.20074074463832542
angle 0.2107777818702417
angle 0.22081481910215797
angle 0.23085185633407423
angle 0.24088889356599053
angle 0.25092593079790676
angle 0.26096296802982305
angle 0.27100000526173934
angle 0.2810370424936556
angle 0.29107407972557187
angle 0.30111111695748816
angle 0.3111481541894044
angle 0.29111111695748815
angle 0.29131351127296207
angle 0.29151590558843593
angle 0.29171829990390985
angle 0.29192069421938377
angle 0.29212308853485763
angle 0.29232548285033155
angle 0.29252787716580547
angle 0.29273027148127934
angle 0.29293266579675326
angle 0.2931350601122272
angle 0.29333745442770104
angle 0.29353984874317496
angle 0.2937422430586489
angle 0.29394463737412274
angle 0.29414703168959666
angle 0.2943494260050706
angle 0.2945518203205445
angle 0.29475421463601836
angle 0.2949566089514923
angle 0.2951590032669662
angle 0.29536139758244007
angle 0.295563791897914
angle 0.2957661862133879
angle 0.29596858052886177
angle 0.2961709748443357
angle 0.2963733691598096
angle 0.29657576347528347
angle 0.2967781577907574
angle 0.2969805521062313
angle 0.2971829464217052
angle 0.2973853407371791
angle 0.297587735052653
angle 0.2977901293681269
angle 0.2979925236836008
angle 0.2981949179990747
angle 0.2983973123145486
angle 0.2985997066300225
angle 0.2988021009454964
angle 0.2990044952609703
angle 0.2992068895764442
angle 0.2994092838919181
angle 0.299611678207392
angle 0.2998140725228659
angle 0.3000164668383398
angle 0.3002188611538137
angle 0.3004212554692876
angle 0.3006236497847615
angle 0.3008260441002354
angle 0.3010284384157093
angle 0.30123083273118323
angle 0.3014332270466571
angle 0.301635621362131
angle 0.30183801567760493
angle 0.30204040999307885
angle 0.3022428043085527
angle 0.30244519862402663
angle 0.30264759293950055
angle 0.3028499872549744
angle 0.30305238157044834
angle 0.30325477588592226
angle 0.3034571702013961
angle 0.30365956451687004
angle 0.30386195883234396
angle 0.30265956451687004
angle 0.30267170991399606
angle 0.302683855311122
angle 0.30269600070824804
angle 0.30270814610537405
angle 0.3027202915025
angle 0.30273243689962603
angle 0.30274458229675205
angle 0.302756727693878
angle 0.30276887309100403
angle 0.30278101848813005
angle 0.302793163885256
angle 0.30280530928238203
angle 0.30281745467950805
angle 0.302829600076634
angle 0.30284174547376
angle 0.30285389087088604
angle 0.302866036268012
angle 0.302878181665138
angle 0.30289032706226404
angle 0.30290247245939
angle 0.302914617856516
angle 0.30292676325364204
angle 0.302938908650768
angle 0.302951054047894
angle 0.30296319944502004
angle 0.302975344842146
angle 0.302987490239272
angle 0.30299963563639803
angle 0.303011781033524
angle 0.30302392643065
angle 0.30303607182777603
angle 0.303048217224902
angle 0.303060362622028
angle 0.30307250801915403
angle 0.30308465341628
angle 0.303096798813406
angle 0.303108944210532
angle 0.303121089607658
angle 0.303133235004784
angle 0.30314538040191
angle 0.303157525799036
angle 0.303169671196162
angle 0.303181816593288
angle 0.303193961990414
angle 0.30320610738754
angle 0.303218252784666
angle 0.303230398181792
angle 0.303242543578918
angle 0.303254688976044
angle 0.30326683437317
angle 0.303278979770296
angle 0.303291125167422
angle 0.303303270564548
angle 0.303315415961674
angle 0.3033275613588
angle 0.303339706755926
angle 0.303351852153052
angle 0.303363997550178
angle 0.303376142947304
angle 0.30338828834443
angle 0.303400433741556
angle 0.30341257913868197
angle 0.303424724535808
angle 0.303436869932934
angle 0.30344901533005997
angle 0.303461160727186
angle 0.303473306124312
angle 0.30348545152143797
angle 0.303497596918564
angle 0.30350974231569
angle 0.30352188771281596
angle 0.303534033109942
angle 0.303546178507068
angle 0.30355832390419396
angle 0.30357046930132
angle 0.303582614698446
angle 0.30359476009557196
angle 0.303606905492698
BEST MATCH--> 0.303606905492698
angle 0.30386195883234396
angle 0.3139248336364484
angle 0.3239877084405528
angle 0.33405058324465725
angle 0.3441134580487617
angle 0.3541763328528661
angle 0.36423920765697054
angle 0.374302082461075
angle 0.3843649572651794
angle 0.3944278320692838
angle 0.40449070687338823
angle 0.4145535816774927
angle 0.42461645648159707
angle 0.4346793312857015
angle 0.44474220608980597
angle 0.45480508089391036
angle 0.4648679556980148
angle 0.44480508089391035
angle 0.4450077361949619
angle 0.4452103914960135
angle 0.44541304679706506
angle 0.4456157020981166
angle 0.44581835739916814
angle 0.4460210127002197
angle 0.4462236680012713
angle 0.44642632330232285
angle 0.4466289786033744
angle 0.44683163390442593
angle 0.4470342892054775
angle 0.44723694450652907
angle 0.44743959980758063
angle 0.4476422551086322
angle 0.44784491040968377
angle 0.44804756571073534
angle 0.44825022101178685
angle 0.4484528763128384
angle 0.44865553161389
angle 0.44885818691494156
angle 0.44906084221599313
angle 0.4492634975170447
angle 0.44946615281809627
angle 0.4496688081191478
angle 0.44987146342019935
angle 0.4500741187212509
angle 0.4502767740223025
angle 0.45047942932335405
angle 0.4506820846244056
angle 0.45088473992545713
angle 0.4510873952265087
angle 0.45129005052756027
angle 0.45149270582861184
angle 0.4516953611296634
angle 0.451898016430715
angle 0.45210067173176655
angle 0.45230332703281806
angle 0.4525059823338696
angle 0.4527086376349212
angle 0.45291129293597276
angle 0.45311394823702433
angle 0.4533166035380759
angle 0.45351925883912747
angle 0.453721914140179
angle 0.45392456944123055
angle 0.4541272247422821
angle 0.4543298800433337
angle 0.45453253534438526
angle 0.4547351906454368
angle 0.45493784594648834
angle 0.4551405012475399
angle 0.4553431565485915
angle 0.45554581184964305
angle 0.4557484671506946
angle 0.4559511224517462
angle 0.45615377775279775
angle 0.45635643305384926
angle 0.45655908835490083
angle 0.4567617436559524
angle 0.45696439895700397
angle 0.45716705425805554
angle 0.4573697095591071
angle 0.4575723648601586
angle 0.4577750201612102
angle 0.45797767546226176
angle 0.4581803307633133
angle 0.45697767546226176
angle 0.4569898234956057
angle 0.45700197152894967
angle 0.4570141195622936
angle 0.4570262675956376
angle 0.4570384156289815
angle 0.4570505636623255
angle 0.4570627116956694
angle 0.4570748597290134
angle 0.45708700776235733
angle 0.4570991557957013
angle 0.45711130382904525
angle 0.45712345186238923
angle 0.45713559989573316
angle 0.45714774792907714
angle 0.45715989596242107
angle 0.45717204399576505
angle 0.457184192029109
angle 0.45719634006245297
angle 0.4572084880957969
angle 0.4572206361291409
angle 0.4572327841624848
angle 0.4572449321958288
angle 0.4572570802291727
angle 0.4572692282625167
angle 0.45728137629586063
angle 0.4572935243292046
angle 0.45730567236254854
angle 0.4573178203958925
angle 0.45732996842923646
angle 0.45734211646258044
angle 0.45735426449592437
angle 0.45736641252926835
angle 0.4573785605626123
angle 0.4573907085959562
angle 0.4574028566293002
angle 0.4574150046626441
angle 0.4574271526959881
angle 0.45743930072933203
angle 0.457451448762676
angle 0.45746359679601994
angle 0.45747574482936393
angle 0.45748789286270786
angle 0.45750004089605184
angle 0.45751218892939577
angle 0.45752433696273975
angle 0.4575364849960837
angle 0.45754863302942766
angle 0.4575607810627716
angle 0.4575729290961156
angle 0.4575850771294595
angle 0.4575972251628035
angle 0.4576093731961474
angle 0.4576215212294914
angle 0.45763366926283533
angle 0.4576458172961793
angle 0.45765796532952324
angle 0.4576701133628672
angle 0.45768226139621115
angle 0.45769440942955514
angle 0.45770655746289907
angle 0.45771870549624305
angle 0.457730853529587
angle 0.45774300156293096
angle 0.4577551495962749
angle 0.4577672976296189
angle 0.4577794456629628
angle 0.45779159369630673
angle 0.4578037417296507
angle 0.45781588976299464
angle 0.4578280377963386
angle 0.45784018582968256
angle 0.45785233386302654
angle 0.45786448189637047
angle 0.45787662992971445
angle 0.4578887779630584
angle 0.45790092599640236
BEST MATCH--> 0.45790092599640236
angle 0.4581803307633133
angle 0.4682305641821391
angle 0.47828079760096487
angle 0.48833103101979064
angle 0.4983812644386164
angle 0.5084314978574421
angle 0.518481731276268
angle 0.5285319646950937
angle 0.5385821981139195
angle 0.5486324315327452
angle 0.558682664951571
angle 0.5687328983703968
angle 0.5787831317892226
angle 0.5888333652080483
angle 0.5988835986268741
angle 0.6089338320456998
angle 0.5888835986268741
angle 0.5890861262371653
angle 0.5892886538474564
angle 0.5894911814577476
angle 0.5896937090680388
angle 0.5898962366783299
angle 0.5900987642886212
angle 0.5903012918989123
angle 0.5905038195092035
angle 0.5907063471194947
angle 0.5909088747297858
angle 0.591111402340077
angle 0.5913139299503681
angle 0.5915164575606593
angle 0.5917189851709505
angle 0.5919215127812416
angle 0.5921240403915328
angle 0.592326568001824
angle 0.5925290956121152
angle 0.5927316232224064
angle 0.5929341508326975
angle 0.5931366784429887
angle 0.5933392060532798
angle 0.593541733663571
angle 0.5937442612738622
angle 0.5939467888841533
angle 0.5941493164944445
angle 0.5943518441047356
angle 0.5945543717150269
angle 0.5947568993253181
angle 0.5949594269356092
angle 0.5951619545459004
angle 0.5953644821561915
angle 0.5955670097664827
angle 0.5957695373767739
angle 0.595972064987065
angle 0.5961745925973562
angle 0.5963771202076473
angle 0.5965796478179385
angle 0.5967821754282298
angle 0.5969847030385209
angle 0.5971872306488121
angle 0.5973897582591032
angle 0.5975922858693944
angle 0.5977948134796855
angle 0.5979973410899767
angle 0.5981998687002679
angle 0.598402396310559
angle 0.5986049239208502
angle 0.5988074515311413
angle 0.5990099791414326
angle 0.5992125067517238
angle 0.5994150343620149
angle 0.5996175619723061
angle 0.5998200895825972
angle 0.6000226171928884
angle 0.6002251448031796
angle 0.6004276724134707
angle 0.6006302000237619
angle 0.600832727634053
angle 0.6010352552443442
angle 0.6012377828546355
angle 0.6014403104649266
angle 0.6016428380752178
angle 0.601845365685509
angle 0.6020478932958001
angle 0.6022504209060913
angle 0.6024529485163824
angle 0.6026554761266736
angle 0.6014529485163824
angle 0.6014650952599208
angle 0.601477242003459
angle 0.6014893887469973
angle 0.6015015354905356
angle 0.6015136822340739
angle 0.6015258289776122
angle 0.6015379757211505
angle 0.6015501224646888
angle 0.6015622692082271
angle 0.6015744159517654
angle 0.6015865626953036
angle 0.601598709438842
angle 0.6016108561823803
angle 0.6016230029259185
angle 0.6016351496694569
angle 0.6016472964129952
angle 0.6016594431565334
angle 0.6016715899000717
angle 0.60168373664361
angle 0.6016958833871483
angle 0.6017080301306866
angle 0.6017201768742249
angle 0.6017323236177632
angle 0.6017444703613015
angle 0.6017566171048397
angle 0.6017687638483781
angle 0.6017809105919164
angle 0.6017930573354546
angle 0.601805204078993
angle 0.6018173508225313
angle 0.6018294975660695
angle 0.6018416443096078
angle 0.6018537910531462
angle 0.6018659377966844
angle 0.6018780845402227
angle 0.6018902312837611
angle 0.6019023780272993
angle 0.6019145247708376
angle 0.601926671514376
angle 0.6019388182579142
angle 0.6019509650014525
angle 0.6019631117449908
angle 0.6019752584885291
angle 0.6019874052320674
angle 0.6019995519756057
angle 0.602011698719144
angle 0.6020238454626823
angle 0.6020359922062206
angle 0.6020481389497588
angle 0.6020602856932972
angle 0.6020724324368354
angle 0.6020845791803737
angle 0.6020967259239121
angle 0.6021088726674503
angle 0.6021210194109886
angle 0.6021331661545269
angle 0.6021453128980652
angle 0.6021574596416035
angle 0.6021696063851418
angle 0.60218175312868
angle 0.6021938998722184
angle 0.6022060466157567
angle 0.6022181933592949
angle 0.6022303401028333
angle 0.6022424868463716
angle 0.6022546335899098
angle 0.6022667803334482
angle 0.6022789270769865
angle 0.6022910738205247
angle 0.602303220564063
angle 0.6023153673076014
angle 0.6023275140511396
angle 0.6023396607946779
angle 0.6023518075382163
angle 0.6023639542817545
angle 0.6023761010252928
angle 0.6023882477688312
angle 0.6024003945123694
angle 0.6024125412559077
angle 0.602424687999446
angle 0.6024368347429843
BEST MATCH--> 0.6024368347429843
angle 0.6026554761266736
angle 0.6127306236562892
angle 0.6228057711859047
angle 0.6328809187155202
angle 0.6429560662451358
angle 0.6530312137747514
angle 0.663106361304367
angle 0.6731815088339824
angle 0.683256656363598
angle 0.6933318038932136
angle 0.7034069514228292
angle 0.7134820989524446
angle 0.7235572464820602
angle 0.7336323940116758
angle 0.7437075415412914
angle 0.753782689070907
angle 0.7638578366005224
angle 0.7437826890709069
angle 0.7439854683388829
angle 0.7441882476068588
angle 0.7443910268748347
angle 0.7445938061428106
angle 0.7447965854107865
angle 0.7449993646787624
angle 0.7452021439467383
angle 0.7454049232147143
angle 0.7456077024826901
angle 0.7458104817506661
angle 0.746013261018642
angle 0.7462160402866179
angle 0.7464188195545938
angle 0.7466215988225697
angle 0.7468243780905457
angle 0.7470271573585215
angle 0.7472299366264975
angle 0.7474327158944734
angle 0.7476354951624493
angle 0.7478382744304253
angle 0.7480410536984011
angle 0.7482438329663771
angle 0.7484466122343529
angle 0.7486493915023289
angle 0.7488521707703047
angle 0.7490549500382807
angle 0.7492577293062567
angle 0.7494605085742325
angle 0.7496632878422085
angle 0.7498660671101843
angle 0.7500688463781603
angle 0.7502716256461361
angle 0.7504744049141121
angle 0.7506771841820881
angle 0.7508799634500639
angle 0.7510827427180399
angle 0.7512855219860157
angle 0.7514883012539917
angle 0.7516910805219675
angle 0.7518938597899435
angle 0.7520966390579195
angle 0.7522994183258953
angle 0.7525021975938713
angle 0.7527049768618471
angle 0.7529077561298231
angle 0.7531105353977989
angle 0.7533133146657749
angle 0.7535160939337509
angle 0.7537188732017267
angle 0.7539216524697027
angle 0.7541244317376785
angle 0.7543272110056545
angle 0.7531244317376785
angle 0.7531365810232136
angle 0.7531487303087487
angle 0.7531608795942838
angle 0.753173028879819
angle 0.753185178165354
angle 0.7531973274508892
angle 0.7532094767364242
angle 0.7532216260219594
angle 0.7532337753074945
angle 0.7532459245930296
angle 0.7532580738785647
angle 0.7532702231640999
angle 0.7532823724496349
angle 0.7532945217351701
angle 0.7533066710207051
angle 0.7533188203062403
angle 0.7533309695917754
angle 0.7533431188773105
angle 0.7533552681628456
angle 0.7533674174483808
angle 0.7533795667339158
angle 0.753391716019451
angle 0.753403865304986
angle 0.7534160145905212
angle 0.7534281638760563
angle 0.7534403131615914
angle 0.7534524624471265
angle 0.7534646117326617
angle 0.7534767610181967
angle 0.7534889103037319
angle 0.7535010595892669
angle 0.7535132088748021
angle 0.7535253581603372
angle 0.7535375074458722
angle 0.7535496567314074
angle 0.7535618060169424
angle 0.7535739553024776
angle 0.7535861045880127
angle 0.7535982538735478
angle 0.7536104031590829
angle 0.7536225524446181
angle 0.7536347017301531
angle 0.7536468510156883
angle 0.7536590003012233
angle 0.7536711495867585
angle 0.7536832988722936
angle 0.7536954481578287
angle 0.7537075974433638
angle 0.753719746728899
angle 0.753731896014434
angle 0.7537440452999692
angle 0.7537561945855042
angle 0.7537683438710394
angle 0.7537804931565745
angle 0.7537926424421096
angle 0.7538047917276447
angle 0.7538169410131799
angle 0.7538290902987149
angle 0.7538412395842501
angle 0.7538533888697851
angle 0.7538655381553203
angle 0.7538776874408554
angle 0.7538898367263905
angle 0.7539019860119256
angle 0.7539141352974608
angle 0.7539262845829958
angle 0.7539384338685309
angle 0.753950583154066
angle 0.7539627324396011
angle 0.7539748817251363
angle 0.7539870310106713
angle 0.7539991802962065
angle 0.7540113295817416
angle 0.7540234788672767
angle 0.7540356281528118
angle 0.7540477774383469
BEST MATCH--> 0.7540477774383469
angle 0.7543272110056545
angle 0.764400060974364
angle 0.7744729109430734
angle 0.7845457609117829
angle 0.7946186108804922
angle 0.8046914608492017
angle 0.8147643108179111
angle 0.8248371607866206
angle 0.83491001075533
angle 0.8449828607240395
angle 0.8550557106927489
angle 0.8651285606614584
angle 0.8752014106301678
angle 0.8852742605988773
angle 0.8953471105675868
angle 0.9054199605362961
angle 0.9154928105050055
angle 0.925565660473715
angle 0.9356385104424245
angle 0.915565660473715
angle 0.915768416534005
angle 0.9159711725942951
angle 0.916173928654585
angle 0.916376684714875
angle 0.916579440775165
angle 0.916782196835455
angle 0.916984952895745
angle 0.917187708956035
angle 0.9173904650163249
angle 0.917593221076615
angle 0.917795977136905
angle 0.9179987331971949
angle 0.9182014892574849
angle 0.918404245317775
angle 0.918607001378065
angle 0.9188097574383549
angle 0.9190125134986449
angle 0.919215269558935
angle 0.9194180256192249
angle 0.9196207816795149
angle 0.919823537739805
angle 0.9200262938000949
angle 0.9202290498603849
angle 0.9204318059206749
angle 0.9206345619809649
angle 0.9208373180412549
angle 0.9210400741015449
angle 0.9212428301618348
angle 0.9214455862221249
angle 0.9216483422824149
angle 0.9218510983427048
angle 0.9220538544029948
angle 0.9222566104632849
angle 0.9224593665235749
angle 0.9226621225838648
angle 0.9228648786441548
angle 0.9230676347044449
angle 0.9232703907647348
angle 0.9234731468250248
angle 0.9236759028853148
angle 0.9238786589456048
angle 0.9240814150058948
angle 0.9242841710661848
angle 0.9244869271264748
angle 0.9246896831867648
angle 0.9234869271264748
angle 0.9234990761775889
angle 0.9235112252287029
angle 0.923523374279817
angle 0.923535523330931
angle 0.923547672382045
angle 0.9235598214331591
angle 0.9235719704842731
angle 0.9235841195353872
angle 0.9235962685865012
angle 0.9236084176376153
angle 0.9236205666887293
angle 0.9236327157398433
angle 0.9236448647909573
angle 0.9236570138420714
angle 0.9236691628931855
angle 0.9236813119442995
angle 0.9236934609954135
angle 0.9237056100465275
angle 0.9237177590976416
angle 0.9237299081487557
angle 0.9237420571998697
angle 0.9237542062509837
angle 0.9237663553020977
angle 0.9237785043532118
angle 0.9237906534043259
angle 0.9238028024554399
angle 0.9238149515065539
angle 0.9238271005576679
angle 0.923839249608782
angle 0.9238513986598961
angle 0.9238635477110101
angle 0.9238756967621241
angle 0.9238878458132381
angle 0.9238999948643523
angle 0.9239121439154663
angle 0.9239242929665803
angle 0.9239364420176943
angle 0.9239485910688083
angle 0.9239607401199224
angle 0.9239728891710365
angle 0.9239850382221505
angle 0.9239971872732645
angle 0.9240093363243785
angle 0.9240214853754926
angle 0.9240336344266067
angle 0.9240457834777207
angle 0.9240579325288347
angle 0.9240700815799487
angle 0.9240822306310628
angle 0.9240943796821769
angle 0.9241065287332909
angle 0.9241186777844049
angle 0.924130826835519
angle 0.924142975886633
angle 0.9241551249377471
angle 0.9241672739888611
angle 0.9241794230399751
angle 0.9241915720910892
angle 0.9242037211422032
angle 0.9242158701933173
angle 0.9242280192444313
angle 0.9242401682955453
angle 0.9242523173466594
angle 0.9242644663977734
angle 0.9242766154488874
angle 0.9242887645000015
angle 0.9243009135511155
angle 0.9243130626022296
angle 0.9243252116533436
angle 0.9243373607044576
angle 0.9243495097555717
angle 0.9243616588066857
angle 0.9243738078577998
angle 0.9243859569089138
angle 0.9243981059600278
angle 0.9244102550111419
angle 0.924422404062256
angle 0.92443455311337
angle 0.924446702164484
angle 0.924458851215598
angle 0.9244710002667121
angle 0.9244831493178262
BEST MATCH--> 0.9244831493178262
angle 0.9246896831867648
angle 0.934766514870415
angle 0.9448433465540651
angle 0.9549201782377152
angle 0.9649970099213653
angle 0.9750738416050154
angle 0.9851506732886656
angle 0.9952275049723157
angle 1.0053043366559657
angle 1.015381168339616
angle 1.025458000023266
angle 1.0355348317069162
angle 1.0456116633905663
angle 1.0556884950742165
angle 1.0657653267578666
angle 1.0758421584415168
angle 1.085918990125167
angle 1.095995821808817
angle 1.1060726534924672
angle 1.1161494851761173
angle 1.1262263168597675
angle 1.1363031485434174
angle 1.1162263168597675
angle 1.1164291131394004
angle 1.1166319094190331
angle 1.116834705698666
angle 1.1170375019782988
angle 1.1172402982579317
angle 1.1174430945375644
angle 1.1176458908171973
angle 1.11784868709683
angle 1.118051483376463
angle 1.1182542796560957
angle 1.1184570759357286
angle 1.1186598722153613
angle 1.1188626684949943
angle 1.119065464774627
angle 1.11926826105426
angle 1.1194710573338926
angle 1.1196738536135256
angle 1.1198766498931583
angle 1.1200794461727912
angle 1.1202822424524241
angle 1.1204850387320568
angle 1.1206878350116898
angle 1.1208906312913225
angle 1.1210934275709554
angle 1.1212962238505881
angle 1.121499020130221
angle 1.1217018164098538
angle 1.1219046126894867
angle 1.1221074089691194
angle 1.1223102052487524
angle 1.122513001528385
angle 1.122715797808018
angle 1.1229185940876507
angle 1.1231213903672836
angle 1.1233241866469164
angle 1.1235269829265493
angle 1.123729779206182
angle 1.123932575485815
angle 1.1241353717654476
angle 1.1243381680450806
angle 1.1245409643247135
angle 1.1247437606043462
angle 1.1249465568839792
angle 1.1251493531636119
angle 1.1253521494432448
angle 1.1255549457228775
angle 1.1257577420025104
angle 1.1259605382821432
angle 1.126163334561776
angle 1.1263661308414088
angle 1.1265689271210417
angle 1.1267717234006744
angle 1.1269745196803074
angle 1.12717731595994
angle 1.127380112239573
angle 1.1275829085192057
angle 1.1277857047988387
angle 1.1279885010784714
angle 1.1281912973581043
angle 1.1269885010784715
angle 1.1270006505358414
angle 1.1270127999932116
angle 1.1270249494505815
angle 1.1270370989079517
angle 1.1270492483653216
angle 1.1270613978226915
angle 1.1270735472800617
angle 1.1270856967374316
angle 1.1270978461948018
angle 1.1271099956521717
angle 1.127122145109542
angle 1.1271342945669118
angle 1.1271464440242818
angle 1.127158593481652
angle 1.1271707429390219
angle 1.127182892396392
angle 1.127195041853762
angle 1.127207191311132
angle 1.127219340768502
angle 1.127231490225872
angle 1.1272436396832421
angle 1.127255789140612
angle 1.1272679385979822
angle 1.1272800880553522
angle 1.1272922375127221
angle 1.1273043869700923
angle 1.1273165364274622
angle 1.1273286858848324
angle 1.1273408353422023
angle 1.1273529847995722
angle 1.1273651342569424
angle 1.1273772837143123
angle 1.1273894331716825
angle 1.1274015826290524
angle 1.1274137320864224
angle 1.1274258815437925
angle 1.1274380310011625
angle 1.1274501804585326
angle 1.1274623299159026
angle 1.1274744793732727
angle 1.1274866288306427
angle 1.1274987782880126
angle 1.1275109277453828
angle 1.1275230772027527
angle 1.1275352266601228
angle 1.1275473761174928
angle 1.1275595255748627
angle 1.1275716750322329
angle 1.1275838244896028
angle 1.127595973946973
angle 1.127608123404343
angle 1.127620272861713
angle 1.127632422319083
angle 1.127644571776453
angle 1.127656721233823
angle 1.127668870691193
angle 1.1276810201485632
angle 1.1276931696059331
angle 1.127705319063303
angle 1.1277174685206732
angle 1.1277296179780432
angle 1.1277417674354133
angle 1.1277539168927833
angle 1.1277660663501534
angle 1.1277782158075234
angle 1.1277903652648933
angle 1.1278025147222634
angle 1.1278146641796334
angle 1.1278268136370035
angle 1.1278389630943735
angle 1.1278511125517434
angle 1.1278632620091136
angle 1.1278754114664835
angle 1.1278875609238537
angle 1.1278997103812236
angle 1.1279118598385935
angle 1.1279240092959637
angle 1.1279361587533336
angle 1.1279483082107038
angle 1.1279604576680737
BEST MATCH--> 1.1279604576680737
angle 1.1281912973581043
angle 1.1382583041392627
angle 1.1483253109204212
angle 1.1583923177015796
angle 1.1684593244827381
angle 1.1785263312638965
angle 1.188593338045055
angle 1.1986603448262134
angle 1.2087273516073718
angle 1.2187943583885303
angle 1.2288613651696887
angle 1.2389283719508473
angle 1.2489953787320056
angle 1.2590623855131642
angle 1.2691293922943225
angle 1.2791963990754809
angle 1.2892634058566395
angle 1.2993304126377978
angle 1.3093974194189564
angle 1.3194644262001147
angle 1.3295314329812733
angle 1.3395984397624316
angle 1.34966544654359
angle 1.3597324533247486
angle 1.369799460105907
angle 1.3798664668870653
angle 1.3899334736682238
angle 1.4000004804493824
angle 1.3799334736682238
angle 1.3801361707064173
angle 1.380338867744611
angle 1.3805415647828043
angle 1.380744261820998
angle 1.3809469588591914
angle 1.381149655897385
angle 1.3813523529355785
angle 1.381555049973772
angle 1.3817577470119655
angle 1.381960444050159
angle 1.3821631410883526
angle 1.382365838126546
angle 1.3825685351647397
angle 1.382771232202933
angle 1.3829739292411267
angle 1.3831766262793201
angle 1.3833793233175138
angle 1.3835820203557072
angle 1.3837847173939006
angle 1.3839874144320943
angle 1.3841901114702877
angle 1.3843928085084813
angle 1.3845955055466748
angle 1.3847982025848684
angle 1.3850008996230618
angle 1.3852035966612555
angle 1.385406293699449
angle 1.3856089907376423
angle 1.385811687775836
angle 1.3860143848140294
angle 1.386217081852223
angle 1.3864197788904165
angle 1.38662247592861
angle 1.3868251729668035
angle 1.3870278700049972
angle 1.3872305670431906
angle 1.387433264081384
angle 1.3876359611195777
angle 1.387838658157771
angle 1.3880413551959647
angle 1.3868386581577712
angle 1.3868508066127023
angle 1.3868629550676337
angle 1.3868751035225648
angle 1.3868872519774962
angle 1.3868994004324273
angle 1.3869115488873587
angle 1.3869236973422898
angle 1.3869358457972212
angle 1.3869479942521523
angle 1.3869601427070837
angle 1.3869722911620148
angle 1.3869844396169462
angle 1.3869965880718773
angle 1.3870087365268087
angle 1.3870208849817398
angle 1.3870330334366712
angle 1.3870451818916023
angle 1.3870573303465337
angle 1.3870694788014648
angle 1.3870816272563962
angle 1.3870937757113273
angle 1.3871059241662587
angle 1.3871180726211898
angle 1.3871302210761212
angle 1.3871423695310523
angle 1.3871545179859837
angle 1.3871666664409148
angle 1.3871788148958462
angle 1.3871909633507773
angle 1.3872031118057087
angle 1.3872152602606398
angle 1.3872274087155712
angle 1.3872395571705023
angle 1.3872517056254337
angle 1.3872638540803648
angle 1.3872760025352961
angle 1.3872881509902273
angle 1.3873002994451586
angle 1.3873124479000898
angle 1.3873245963550211
angle 1.3873367448099523
angle 1.3873488932648836
angle 1.3873610417198148
angle 1.3873731901747461
angle 1.3873853386296773
angle 1.3873974870846086
angle 1.3874096355395398
angle 1.3874217839944711
angle 1.3874339324494023
angle 1.3874460809043336
angle 1.3874582293592648
angle 1.3874703778141961
angle 1.3874825262691273
angle 1.3874946747240586
angle 1.3875068231789898
angle 1.3875189716339211
angle 1.3875311200888523
angle 1.3875432685437836
angle 1.3875554169987148
angle 1.3875675654536461
angle 1.3875797139085773
angle 1.3875918623635086
angle 1.3876040108184398
angle 1.3876161592733711
angle 1.3876283077283023
angle 1.3876404561832336
angle 1.3876526046381648
angle 1.3876647530930961
angle 1.3876769015480273
angle 1.3876890500029586
angle 1.3877011984578898
angle 1.387713346912821
angle 1.3877254953677522
angle 1.3877376438226836
angle 1.3877497922776147
angle 1.387761940732546
angle 1.3877740891874772
BEST MATCH--> 1.3877740891874772
angle 1.3880413551959647
angle 1.3981192362212167
angle 1.4081971172464685
angle 1.4182749982717204
angle 1.4283528792969722
angle 1.4384307603222242
angle 1.4485086413474761
angle 1.458586522372728
angle 1.4686644033979799
angle 1.4787422844232316
angle 1.4888201654484836
angle 1.4988980464737356
angle 1.5089759274989873
angle 1.5190538085242393
angle 1.529131689549491
angle 1.539209570574743
angle 1.5492874515999948
angle 1.5593653326252468
angle 1.5392874515999948
angle 1.5394902584790378
angle 1.5396930653580807
angle 1.5398958722371237
angle 1.5400986791161666
angle 1.5403014859952096
angle 1.5405042928742525
angle 1.5407070997532955
angle 1.5409099066323384
angle 1.5411127135113813
angle 1.5413155203904243
angle 1.5415183272694672
angle 1.5417211341485102
angle 1.5419239410275531
angle 1.542126747906596
angle 1.542329554785639
angle 1.542532361664682
angle 1.542735168543725
angle 1.542937975422768
angle 1.5431407823018108
angle 1.5433435891808538
angle 1.5435463960598967
angle 1.5437492029389397
angle 1.5439520098179826
angle 1.5441548166970256
angle 1.5443576235760685
angle 1.5445604304551115
angle 1.5447632373341544
angle 1.5449660442131974
angle 1.5451688510922403
angle 1.5453716579712833
angle 1.5455744648503262
angle 1.5457772717293692
angle 1.5459800786084121
angle 1.546182885487455
angle 1.546385692366498
angle 1.546588499245541
angle 1.546791306124584
angle 1.5469941130036269
angle 1.5471969198826698
angle 1.5473997267617128
angle 1.5476025336407557
angle 1.5478053405197987
angle 1.5480081473988416
angle 1.5482109542778846
angle 1.5484137611569275
angle 1.5486165680359705
angle 1.5488193749150134
angle 1.5490221817940564
angle 1.5492249886730993
angle 1.5494277955521423
angle 1.5496306024311852
angle 1.5498334093102282
angle 1.5500362161892711
angle 1.550239023068314
angle 1.550441829947357
angle 1.5506446368264
angle 1.550847443705443
angle 1.5510502505844859
angle 1.5512530574635288
angle 1.5514558643425718
angle 1.5516586712216147
angle 1.5518614781006577
angle 1.5520642849797006
angle 1.5522670918587436
angle 1.5510642849797007
angle 1.5510764345441355
angle 1.5510885841085702
angle 1.5511007336730052
angle 1.55111288323744
angle 1.5511250328018746
angle 1.5511371823663094
angle 1.5511493319307441
angle 1.5511614814951789
angle 1.5511736310596138
angle 1.5511857806240485
angle 1.5511979301884833
angle 1.551210079752918
angle 1.5512222293173528
angle 1.5512343788817875
angle 1.5512465284462225
angle 1.5512586780106572
angle 1.551270827575092
angle 1.5512829771395267
angle 1.5512951267039614
angle 1.5513072762683962
angle 1.5513194258328311
angle 1.5513315753972658
angle 1.5513437249617006
angle 1.5513558745261353
angle 1.55136802409057
angle 1.5513801736550048
angle 1.5513923232194398
angle 1.5514044727838745
angle 1.5514166223483092
angle 1.551428771912744
angle 1.5514409214771787
angle 1.5514530710416135
angle 1.5514652206060484
angle 1.5514773701704831
angle 1.5514895197349179
angle 1.5515016692993526
angle 1.5515138188637874
angle 1.5515259684282223
angle 1.551538117992657
angle 1.5515502675570918
angle 1.5515624171215265
angle 1.5515745666859613
angle 1.551586716250396
angle 1.551598865814831
angle 1.5516110153792657
angle 1.5516231649437005
angle 1.5516353145081352
angle 1.55164746407257
angle 1.5516596136370047
angle 1.5516717632014396
angle 1.5516839127658744
angle 1.551696062330309
angle 1.5517082118947438
angle 1.5517203614591786
angle 1.5517325110236133
angle 1.5517446605880483
angle 1.551756810152483
angle 1.5517689597169178
angle 1.5517811092813525
angle 1.5517932588457872
angle 1.551805408410222
angle 1.551817557974657
angle 1.5518297075390917
angle 1.5518418571035264
angle 1.5518540066679611
angle 1.5518661562323959
angle 1.5518783057968308
angle 1.5518904553612656
angle 1.5519026049257003
angle 1.551914754490135
angle 1.5519269040545698
angle 1.5519390536190045
angle 1.5519512031834395
angle 1.5519633527478742
angle 1.551975502312309
angle 1.5519876518767437
angle 1.5519998014411784
angle 1.5520119510056132
angle 1.5520241005700481
angle 1.5520362501344829
angle 1.5520483996989176
angle 1.5520605492633524
angle 1.552072698827787
angle 1.5520848483922218
angle 1.5520969979566568
angle 1.5521091475210915
angle 1.5521212970855263
angle 1.552133446649961
angle 1.5521455962143957
angle 1.5521577457788305
angle 1.5521698953432654
angle 1.5521820449077002
BEST MATCH--> 1.5521820449077002
angle 1.5522670918587436
angle 1.5623901846086228
angle 1.5725132773585022
angle 1.5826363701083814
angle 1.5927594628582606
angle 1.60288255560814
angle 1.6130056483580193
angle 1.6231287411078987
angle 1.633251833857778
angle 1.6433749266076572
angle 1.6534980193575366
angle 1.6636211121074158
angle 1.673744204857295
angle 1.6838672976071745
angle 1.6939903903570537
angle 1.7041134831069331
angle 1.7142365758568123
angle 1.694113483106933
angle 1.6943167466700633
angle 1.6945200102331932
angle 1.6947232737963234
angle 1.6949265373594535
angle 1.6951298009225835
angle 1.6953330644857136
angle 1.6955363280488438
angle 1.6957395916119737
angle 1.695942855175104
angle 1.696146118738234
angle 1.6963493823013642
angle 1.6965526458644942
angle 1.6967559094276243
angle 1.6969591729907545
angle 1.6971624365538844
angle 1.6973657001170146
angle 1.6975689636801448
angle 1.6977722272432747
angle 1.6979754908064049
angle 1.698178754369535
angle 1.698382017932665
angle 1.6985852814957951
angle 1.6987885450589253
angle 1.6989918086220552
angle 1.6991950721851854
angle 1.6993983357483156
angle 1.6996015993114457
angle 1.6998048628745757
angle 1.7000081264377058
angle 1.700211390000836
angle 1.700414653563966
angle 1.700617917127096
angle 1.7008211806902263
angle 1.7010244442533562
angle 1.7012277078164864
angle 1.7014309713796165
angle 1.7016342349427465
angle 1.7018374985058766
angle 1.7020407620690068
angle 1.7022440256321367
angle 1.7024472891952669
angle 1.702650552758397
angle 1.7028538163215272
angle 1.7030570798846572
angle 1.7032603434477873
angle 1.7034636070109175
angle 1.7036668705740474
angle 1.7038701341371776
angle 1.7040733977003077
angle 1.7042766612634377
angle 1.7044799248265678
angle 1.704683188389698
angle 1.704886451952828
angle 1.7050897155159581
angle 1.703886451952828
angle 1.7038986061302335
angle 1.7039107603076387
angle 1.703922914485044
angle 1.7039350686624495
angle 1.703947222839855
angle 1.70395937701726
angle 1.7039715311946655
angle 1.703983685372071
angle 1.7039958395494763
angle 1.7040079937268815
angle 1.704020147904287
angle 1.7040323020816923
angle 1.7040444562590977
angle 1.704056610436503
angle 1.7040687646139083
angle 1.7040809187913137
angle 1.7040930729687191
angle 1.7041052271461243
angle 1.7041173813235297
angle 1.7041295355009352
angle 1.7041416896783406
angle 1.7041538438557458
angle 1.7041659980331512
angle 1.7041781522105566
angle 1.704190306387962
angle 1.7042024605653672
angle 1.7042146147427726
angle 1.704226768920178
angle 1.7042389230975834
angle 1.7042510772749886
angle 1.704263231452394
angle 1.7042753856297994
angle 1.7042875398072048
angle 1.70429969398461
angle 1.7043118481620154
angle 1.7043240023394208
angle 1.7043361565168262
angle 1.7043483106942314
angle 1.7043604648716368
angle 1.7043726190490422
angle 1.7043847732264477
angle 1.7043969274038528
angle 1.7044090815812583
angle 1.7044212357586637
angle 1.704433389936069
angle 1.7044455441134743
angle 1.7044576982908797
angle 1.704469852468285
angle 1.7044820066456905
angle 1.7044941608230957
angle 1.704506315000501
angle 1.7045184691779065
angle 1.704530623355312
angle 1.704542777532717
angle 1.7045549317101225
angle 1.704567085887528
angle 1.7045792400649333
angle 1.7045913942423385
angle 1.704603548419744
angle 1.7046157025971493
angle 1.7046278567745548
angle 1.70464001095196
angle 1.7046521651293653
angle 1.7046643193067708
angle 1.7046764734841762
angle 1.7046886276615814
angle 1.7047007818389868
angle 1.7047129360163922
angle 1.7047250901937976
angle 1.7047372443712028
angle 1.7047493985486082
angle 1.7047615527260136
angle 1.704773706903419
angle 1.7047858610808242
angle 1.7047980152582296
angle 1.704810169435635
angle 1.7048223236130404
angle 1.7048344777904456
angle 1.704846631967851
angle 1.7048587861452564
angle 1.7048709403226618
angle 1.704883094500067
angle 1.7048952486774724
angle 1.7049074028548779
angle 1.7049195570322833
angle 1.7049317112096884
angle 1.7049438653870939
angle 1.7049560195644993
angle 1.7049681737419047
angle 1.7049803279193099
angle 1.7049924820967153
BEST MATCH--> 1.7049924820967153
angle 1.7050897155159581
angle 1.7152059333897176
angle 1.7253221512634769
angle 1.7354383691372364
angle 1.7455545870109956
angle 1.7556708048847551
angle 1.7657870227585146
angle 1.775903240632274
angle 1.7860194585060334
angle 1.7961356763797927
angle 1.8062518942535521
angle 1.8163681121273116
angle 1.826484330001071
angle 1.8366005478748304
angle 1.8467167657485897
angle 1.8568329836223492
angle 1.8669492014961087
angle 1.877065419369868
angle 1.8871816372436274
angle 1.8972978551173867
angle 1.9074140729911462
angle 1.9175302908649057
angle 1.927646508738665
angle 1.9377627266124244
angle 1.9478789444861837
angle 1.9579951623599432
angle 1.9681113802337027
angle 1.978227598107462
angle 1.9883438159812212
angle 1.9984600338549807
angle 2.00857625172874
angle 2.0186924696024997
angle 2.0288086874762588
angle 2.0086924696025
angle 2.008895663722437
angle 2.009098857842374
angle 2.009302051962311
angle 2.009505246082248
angle 2.0097084402021848
angle 2.0099116343221217
angle 2.0101148284420587
angle 2.0103180225619957
angle 2.0105212166819326
angle 2.0107244108018696
angle 2.0109276049218066
angle 2.0111307990417435
angle 2.0113339931616805
angle 2.0115371872816175
angle 2.0117403814015544
angle 2.0119435755214914
angle 2.0121467696414284
angle 2.0123499637613653
angle 2.0125531578813023
angle 2.0127563520012393
angle 2.0129595461211762
angle 2.013162740241113
angle 2.01336593436105
angle 2.013569128480987
angle 2.0137723226009236
angle 2.0139755167208606
angle 2.0141787108407976
angle 2.0143819049607345
angle 2.0145850990806715
angle 2.0147882932006085
angle 2.0149914873205454
angle 2.0151946814404824
angle 2.0153978755604194
angle 2.0156010696803563
angle 2.0158042638002933
angle 2.0160074579202303
angle 2.0162106520401673
angle 2.016413846160104
angle 2.016617040280041
angle 2.016820234399978
angle 2.017023428519915
angle 2.0158202343999783
angle 2.015832387875937
angle 2.015844541351896
angle 2.015856694827855
angle 2.015868848303814
angle 2.015881001779773
angle 2.015893155255732
angle 2.015905308731691
angle 2.01591746220765
angle 2.015929615683609
angle 2.015941769159568
angle 2.0159539226355268
angle 2.0159660761114857
angle 2.0159782295874447
angle 2.0159903830634036
angle 2.0160025365393626
angle 2.0160146900153215
angle 2.0160268434912805
angle 2.0160389969672394
angle 2.0160511504431984
angle 2.0160633039191573
angle 2.0160754573951163
angle 2.0160876108710752
angle 2.016099764347034
angle 2.016111917822993
angle 2.016124071298952
angle 2.016136224774911
angle 2.01614837825087
angle 2.016160531726829
angle 2.016172685202788
angle 2.016184838678747
angle 2.016196992154706
angle 2.016209145630665
angle 2.0162212991066237
angle 2.0162334525825827
angle 2.0162456060585416
angle 2.0162577595345006
angle 2.0162699130104595
angle 2.0162820664864185
angle 2.0162942199623775
angle 2.0163063734383364
angle 2.0163185269142954
angle 2.0163306803902543
angle 2.0163428338662133
angle 2.0163549873421722
angle 2.016367140818131
angle 2.01637929429409
angle 2.016391447770049
angle 2.016403601246008
angle 2.016415754721967
angle 2.0164279081979264
angle 2.0164400616738853
angle 2.0164522151498443
angle 2.0164643686258032
angle 2.016476522101762
angle 2.016488675577721
angle 2.01650082905368
angle 2.016512982529639
angle 2.016525136005598
angle 2.016537289481557
angle 2.016549442957516
angle 2.016561596433475
angle 2.016573749909434
angle 2.016585903385393
angle 2.0165980568613517
angle 2.0166102103373107
angle 2.0166223638132696
angle 2.0166345172892286
angle 2.0166466707651876
angle 2.0166588242411465
angle 2.0166709777171055
angle 2.0166831311930644
angle 2.0166952846690234
angle 2.0167074381449823
angle 2.0167195916209413
angle 2.0167317450969002
angle 2.016743898572859
angle 2.016756052048818
angle 2.016768205524777
angle 2.016780359000736
angle 2.016792512476695
angle 2.016804665952654
angle 2.016816819428613
BEST MATCH--> 2.016816819428613
angle 2.017023428519915
angle 2.027154682799824
angle 2.0372859370797327
angle 2.0474171913596417
angle 2.0575484456395503
angle 2.0676796999194593
angle 2.077810954199368
angle 2.087942208479277
angle 2.0980734627591855
angle 2.1082047170390945
angle 2.118335971319003
angle 2.128467225598912
angle 2.1385984798788207
angle 2.1487297341587297
angle 2.1588609884386383
angle 2.1689922427185473
angle 2.1791234969984563
angle 2.189254751278365
angle 2.199386005558274
angle 2.179254751278365
angle 2.1794580972811923
angle 2.17966144328402
angle 2.1798647892868472
angle 2.1800681352896745
angle 2.1802714812925017
angle 2.1804748272953294
angle 2.1806781732981566
angle 2.180881519300984
angle 2.1810848653038115
angle 2.1812882113066387
angle 2.181491557309466
angle 2.1816949033122937
angle 2.181898249315121
angle 2.182101595317948
angle 2.1823049413207753
angle 2.182508287323603
angle 2.1827116333264303
angle 2.1829149793292575
angle 2.183118325332085
angle 2.1833216713349124
angle 2.1835250173377396
angle 2.183728363340567
angle 2.1839317093433945
angle 2.1841350553462218
angle 2.184338401349049
angle 2.1845417473518767
angle 2.184745093354704
angle 2.184948439357531
angle 2.1851517853603584
angle 2.185355131363186
angle 2.1855584773660133
angle 2.1857618233688405
angle 2.185965169371668
angle 2.1861685153744954
angle 2.1863718613773226
angle 2.1865752073801503
angle 2.1867785533829776
angle 2.186981899385805
angle 2.187185245388632
angle 2.1873885913914597
angle 2.187591937394287
angle 2.187795283397114
angle 2.187998629399942
angle 2.188201975402769
angle 2.1884053214055963
angle 2.1886086674084235
angle 2.188812013411251
angle 2.1890153594140784
angle 2.1892187054169057
angle 2.1894220514197333
angle 2.1896253974225606
angle 2.189828743425388
angle 2.1900320894282155
angle 2.1902354354310427
angle 2.19043878143387
angle 2.190642127436697
angle 2.190845473439525
angle 2.191048819442352
angle 2.189845473439525
angle 2.1898576284496545
angle 2.189869783459784
angle 2.1898819384699135
angle 2.189894093480043
angle 2.189906248490173
angle 2.1899184035003025
angle 2.189930558510432
angle 2.1899427135205616
angle 2.189954868530691
angle 2.1899670235408206
angle 2.18997917855095
angle 2.1899913335610797
angle 2.190003488571209
angle 2.1900156435813387
angle 2.1900277985914687
angle 2.190039953601598
angle 2.1900521086117277
angle 2.1900642636218572
angle 2.1900764186319868
angle 2.1900885736421163
angle 2.190100728652246
angle 2.1901128836623753
angle 2.190125038672505
angle 2.1901371936826344
angle 2.1901493486927643
angle 2.190161503702894
angle 2.1901736587130234
angle 2.190185813723153
angle 2.1901979687332824
angle 2.190210123743412
angle 2.1902222787535415
angle 2.190234433763671
angle 2.1902465887738005
angle 2.19025874378393
angle 2.19027089879406
angle 2.1902830538041895
angle 2.190295208814319
angle 2.1903073638244486
angle 2.190319518834578
angle 2.1903316738447076
angle 2.190343828854837
angle 2.1903559838649667
angle 2.190368138875096
angle 2.1903802938852257
angle 2.1903924488953557
angle 2.190404603905485
angle 2.1904167589156147
angle 2.1904289139257442
angle 2.1904410689358738
angle 2.1904532239460033
angle 2.190465378956133
angle 2.1904775339662623
angle 2.190489688976392
angle 2.1905018439865214
angle 2.1905139989966513
angle 2.190526154006781
angle 2.1905383090169104
angle 2.19055046402704
angle 2.1905626190371694
angle 2.190574774047299
angle 2.1905869290574285
angle 2.190599084067558
angle 2.1906112390776875
angle 2.190623394087817
angle 2.190635549097947
angle 2.1906477041080765
angle 2.190659859118206
angle 2.1906720141283356
angle 2.190684169138465
angle 2.1906963241485946
angle 2.190708479158724
angle 2.1907206341688537
angle 2.190732789178983
angle 2.1907449441891127
angle 2.1907570991992427
angle 2.190769254209372
angle 2.1907814092195017
angle 2.1907935642296312
angle 2.1908057192397608
angle 2.1908178742498903
angle 2.19083002926002
angle 2.1908421842701493
angle 2.190854339280279
angle 2.1908664942904084
angle 2.1908786493005383
angle 2.190890804310668
angle 2.1909029593207974
angle 2.190915114330927
angle 2.1909272693410564
BEST MATCH--> 2.1909272693410564
angle 2.191048819442352
angle 2.201160987890729
angle 2.211273156339106
angle 2.2213853247874833
angle 2.23149749323586
angle 2.241609661684237
angle 2.251721830132614
angle 2.2618339985809914
angle 2.2719461670293684
angle 2.2820583354777453
angle 2.292170503926122
angle 2.3022826723744996
angle 2.3123948408228765
angle 2.3225070092712534
angle 2.3326191777196303
angle 2.3427313461680077
angle 2.3528435146163846
angle 2.3629556830647616
angle 2.3730678515131385
angle 2.383180019961516
angle 2.3932921884098928
angle 2.4034043568582697
angle 2.4135165253066466
angle 2.423628693755024
angle 2.433740862203401
angle 2.443853030651778
angle 2.4539651991001548
angle 2.464077367548532
angle 2.474189535996909
angle 2.484301704445286
angle 2.494413872893663
angle 2.5045260413420403
angle 2.514638209790417
angle 2.524750378238794
angle 2.534862546687171
angle 2.5449747151355484
angle 2.5550868835839253
angle 2.5651990520323023
angle 2.575311220480679
angle 2.5854233889290565
angle 2.5955355573774335
angle 2.6056477258258104
angle 2.6157598942741873
angle 2.6258720627225647
angle 2.6359842311709416
angle 2.6460963996193185
angle 2.6562085680676955
angle 2.666320736516073
angle 2.6764329049644497
angle 2.6865450734128267
angle 2.6966572418612036
angle 2.7067694103095805
angle 2.716881578757958
angle 2.726993747206335
angle 2.7371059156547117
angle 2.747218084103089
angle 2.757330252551466
angle 2.767442420999843
angle 2.77755458944822
angle 2.787666757896597
angle 2.797778926344974
angle 2.807891094793351
angle 2.818003263241728
angle 2.8281154316901054
angle 2.8382276001384823
angle 2.848339768586859
angle 2.858451937035236
angle 2.868564105483613
angle 2.8786762739319904
angle 2.8887884423803674
angle 2.8989006108287443
angle 2.9090127792771217
angle 2.9191249477254986
angle 2.9292371161738755
angle 2.9393492846222524
angle 2.9494614530706293
angle 2.9595736215190067
angle 2.9696857899673836
angle 2.9797979584157606
angle 2.989910126864138
angle 3.000022295312515
angle 3.0101344637608918
angle 3.0202466322092687
angle 3.0303588006576456
angle 3.040470969106023
angle 3.0505831375544
angle 3.060695306002777
angle 3.070807474451154
angle 3.080919642899531
angle 3.091031811347908
angle 3.101143979796285
angle 3.111256148244662
angle 3.1213683166930393
angle 3.131480485141416
angle 3.141592653589793
angle 2.191048819442352
angle 2.201160987890729
angle 2.211273156339106
angle 2.2213853247874833
angle 2.23149749323586
angle 2.241609661684237
angle 2.251721830132614
angle 2.2618339985809914
angle 2.2719461670293684
angle 2.2820583354777453
angle 2.292170503926122
angle 2.3022826723744996
angle 2.3123948408228765
angle 2.3225070092712534
angle 2.3326191777196303
angle 2.3427313461680077
angle 2.3528435146163846
angle 2.3629556830647616
angle 2.3730678515131385
angle 2.383180019961516
angle 2.3932921884098928
angle 2.4034043568582697
angle 2.4135165253066466
angle 2.423628693755024
angle 2.433740862203401
angle 2.443853030651778
angle 2.4539651991001548
angle 2.464077367548532
angle 2.474189535996909
angle 2.484301704445286
angle 2.494413872893663
angle 2.5045260413420403
angle 2.514638209790417
angle 2.524750378238794
angle 2.534862546687171
angle 2.5449747151355484
angle 2.5550868835839253
angle 2.5651990520323023
angle 2.575311220480679
angle 2.5854233889290565
angle 2.5955355573774335
angle 2.6056477258258104
angle 2.6157598942741873
angle 2.6258720627225647
angle 2.6359842311709416
angle 2.6460963996193185
angle 2.6562085680676955
angle 2.666320736516073
angle 2.6764329049644497
angle 2.6865450734128267
angle 2.6966572418612036
angle 2.7067694103095805
angle 2.716881578757958
angle 2.726993747206335
angle 2.7371059156547117
angle 2.747218084103089
angle 2.757330252551466
angle 2.767442420999843
angle 2.77755458944822
angle 2.787666757896597
angle 2.797778926344974
angle 2.807891094793351
angle 2.818003263241728
angle 2.8281154316901054
angle 2.8382276001384823
angle 2.848339768586859
angle 2.858451937035236
angle 2.868564105483613
angle 2.8786762739319904
angle 2.8887884423803674
angle 2.8989006108287443
angle 2.9090127792771217
angle 2.9191249477254986
angle 2.9292371161738755
angle 2.9393492846222524
angle 2.9494614530706293
angle 2.9595736215190067
angle 2.9696857899673836
angle 2.9797979584157606
angle 2.989910126864138
angle 3.000022295312515
angle 3.0101344637608918
angle 3.0202466322092687
angle 3.0303588006576456
angle 3.040470969106023
angle 3.0505831375544
angle 3.060695306002777
angle 3.070807474451154
angle 3.080919642899531
angle 3.091031811347908
angle 3.101143979796285
angle 3.111256148244662
angle 3.1213683166930393
angle 3.131480485141416
angle 3.141592653589793
angle 2.191048819442352
angle 2.201160987890729
angle 2.211273156339106
angle 2.2213853247874833
angle 2.23149749323586
angle 2.241609661684237
angle 2.251721830132614
angle 2.2618339985809914
angle 2.2719461670293684
angle 2.2820583354777453
angle 2.292170503926122
angle 2.3022826723744996
angle 2.3123948408228765
angle 2.3225070092712534
angle 2.3326191777196303
angle 2.3427313461680077
angle 2.3528435146163846
angle 2.3629556830647616
angle 2.3730678515131385
angle 2.383180019961516
angle 2.3932921884098928
angle 2.4034043568582697
angle 2.4135165253066466
angle 2.423628693755024
angle 2.433740862203401
angle 2.443853030651778
angle 2.4539651991001548
angle 2.464077367548532
angle 2.474189535996909
angle 2.484301704445286
angle 2.494413872893663
angle 2.5045260413420403
angle 2.514638209790417
angle 2.524750378238794
angle 2.534862546687171
angle 2.5449747151355484
angle 2.5550868835839253
angle 2.5651990520323023
angle 2.575311220480679
angle 2.5854233889290565
angle 2.5955355573774335
angle 2.6056477258258104
angle 2.6157598942741873
angle 2.6258720627225647
angle 2.6359842311709416
angle 2.6460963996193185
angle 2.6562085680676955
angle 2.666320736516073
angle 2.6764329049644497
angle 2.6865450734128267
angle 2.6966572418612036
angle 2.7067694103095805
angle 2.716881578757958
angle 2.726993747206335
angle 2.7371059156547117
angle 2.747218084103089
angle 2.757330252551466
angle 2.767442420999843
angle 2.77755458944822
angle 2.787666757896597
angle 2.797778926344974
angle 2.807891094793351
angle 2.818003263241728
angle 2.8281154316901054
angle 2.8382276001384823
angle 2.848339768586859
angle 2.858451937035236
angle 2.868564105483613
angle 2.8786762739319904
angle 2.8887884423803674
angle 2.8989006108287443
angle 2.9090127792771217
angle 2.9191249477254986
angle 2.9292371161738755
angle 2.9393492846222524
angle 2.9494614530706293
angle 2.9595736215190067
angle 2.9696857899673836
angle 2.9797979584157606
angle 2.989910126864138
angle 3.000022295312515
angle 3.0101344637608918
angle 3.0202466322092687
angle 3.0303588006576456
angle 3.040470969106023
angle 3.0505831375544
angle 3.060695306002777
angle 3.070807474451154
angle 3.080919642899531
angle 3.091031811347908
angle 3.101143979796285
angle 3.111256148244662
angle 3.1213683166930393
angle 3.131480485141416
angle 3.141592653589793
BEST MATCH--> 3.141592653589793
