---
nodes
0 ['A', 'first']
1 ['B', 'B_C']
2 ['C']
3 ['D', 'D_E']
4 ['E']
5 ['F', 'F_G']
6 ['G']
7 ['H', 'H_I']
8 ['I']
9 ['J', 'J_K']
10 ['K']
11 ['L', 'last']
12 ['M']
['A', 'B', 'B_C', 'first']
['B', 'B_C', 'C']
['B_C', 'C', 'D', 'D_E']
['D', 'D_E', 'E']
['D_E', 'E', 'F', 'F_G']
['F', 'F_G', 'G']
['F_G', 'G', 'H', 'H_I']
['H', 'H_I', 'I']
['H_I', 'I', 'J', 'J_K']
['J', 'J_K', 'K']
['J_K', 'K', 'L', 'last']
['L', 'M', 'last']
['1025', '0.5189414082101572']
['1025', '0.6933586004587355']
['1025', '0.8853830151012181']
['1025', '1.1153224080340303']
['1025', '1.4154721171687041']
['1025', '2.213019082268267']
['768', '0.6933586004587355']
['768', '0.8853830151012181']
['768', '1.1153224080340303']
['768', '1.4154721171687041']
['768', '2.213019082268267']
['0', '0.33988870039031976']
['0', '0.5189414082101572']
['0', '0.6933586004587355']
['0', '0.8853830151012181']
['0', '1.1153224080340303']
['0', '1.4154721171687041']
['0', '1.6114477357486965']
['0', '2.213019082268267']
['384', '0.8853830151012181']
['384', '1.1153224080340303']
['385', '1.4154721171687041']
['1408', '0.33988870039031976']
['1408', '0.8853830151012181']
['1408', '1.1153224080340303']
['1408', '1.4154721171687041']
['1792', '0.6933586004587355']
['1792', '0.8853830151012181']
['1792', '1.1153224080340303']
['1792', '1.4154721171687041']
['1792', '2.213019082268267']
making--> ['1792', '0.6933586004587355']
0.0 [0.0, 0.0, 4.315436095678463e-12, 4.315436095678463e-12]
122.37805783133608 []
243.61012414913435 []
298.85849072267035 []
298.8584907226774 []
298.85849072266586 []
298.8584907226737 []
298.8584907226774 []
298.85849072267683 []
298.8584907226773 []
298.85849072267956 []
298.8584907226775 []
298.8584907226659 []
298.85849072267126 []
298.8584907226672 []
298.85849072267933 []
298.85849072267916 []
298.85849072267496 []
298.85849072267985 []
298.85849072267735 []
298.8584907226765 []
257.6628503991893 []
171.27801073637232 []
85.2464499487796 []
0.00030619668530610175 [0.00030619668530610175, 0.00030619668530610175]
finished in 241 seconds
making--> ['1792', '0.8853830151012181']
0.0 [0.0, 0.0, 4.315436095678463e-12, 4.315436095678463e-12]
156.1163615758593 []
298.8584907226762 []
298.8584907226755 []
298.85849072267376 []
298.8584907226741 []
298.8584907226784 []
298.85849072268144 []
298.85849072267087 []
298.85849072267104 []
298.8584907226775 []
298.8584907226824 []
298.8584907226783 []
298.858490722678 []
298.85849072267274 []
298.85849072267365 []
298.8584907226755 []
196.4750261493775 []
86.52639979170019 []
22.153915641820692 []
128.69592336918117 []
177.7649035296699 []
164.5864593158251 []
81.60786550254016 []
0.00036186574325482054 [0.00042390121885063024, 0.0004239012249818993, 0.00042390121885063024, 0.0004239012249818993, 0.00036186574325482054, 0.00036186574325482054]
finished in 242 seconds
making--> ['1792', '1.1153224080340303']
0.0 [0.0, 0.0, 4.315436095678463e-12, 4.315436095678463e-12]
196.36655695048967 []
298.8584907226744 []
298.8584907226797 []
298.8584907226773 []
298.85849072267666 []
298.858490722675 []
298.85849072267996 []
298.8584907226805 []
298.85849072267723 []
298.85849072268087 []
298.8584907226782 []
298.85849072267456 []
265.3073466261214 []
126.46029406679504 []
10.892106149255635 []
144.99575320766112 []
175.36348150064583 []
108.4709412760238 []
5.30121827370147 []
95.05783732937574 []
174.96976899161982 []
179.63894377888172 []
98.53739044184827 []
0.00012157223958617808 [0.00012157226295478538, 0.00012157227004619254, 0.00012157223958617808, 0.00012157226295478538, 0.00012157227004619254, 0.00012157223958617808]
finished in 242 seconds
making--> ['1792', '1.4154721171687041']
0.0 [0.0, 0.0, 4.315436095678463e-12, 4.315436095678463e-12]
248.59641985716206 []
298.85849072266916 []
298.8584907226802 []
298.8584907226811 []
298.85849072266916 []
298.8584907226748 []
298.85849072266706 []
298.85849072266575 []
298.85849072268036 []
298.85849072267837 []
131.9611244114727 []
42.00126072195423 []
182.39807991112204 []
132.75813130785556 []
1.561065465040888 [1.8288104542529955, 1.8288104542741381, 1.8288104542529955, 1.8288104542741381, 1.561065465040888, 1.561065465040888]
125.06379050995385 []
170.67793657550294 []
114.24870180335262 []
10.896709772233384 []
129.17665288986197 []
163.9525054181543 []
171.02997125333562 []
84.03259991268139 []
0.00017586912148939414 [0.00019311771378458743, 0.00019311771843156053, 0.00019311774103363422, 0.0001931177933788815, 0.00019311771378458743, 0.00019311771843156053, 0.00019311774103363422, 0.0001931177933788815, 0.00017586912148939414, 0.00017586920792242273, 0.00017586912148939414, 0.00017586920792242273]
finished in 242 seconds
making--> ['1792', '2.213019082268267']
0.0 [0.0, 0.0, 4.315436095678463e-12, 4.315436095678463e-12]
298.85849072267354 []
298.858490722673 []
298.85849072267945 []
298.8584907226804 []
298.8584907226751 []
298.8584907226777 []
141.7791522903838 []
128.27915658224285 []
123.3233963100055 []
79.41868456759386 []
174.8280770126111 []
18.378305417902357 []
165.96269253720374 []
171.7443594130521 []
45.677512370762955 []
81.83709265246011 []
157.15659935653983 []
153.78892898502187 []
110.79927324266646 []
16.50559712613068 []
69.35513692132078 []
146.5952857684848 []
123.96191768930663 []
0.00018458983535800963 [0.00018458983535800963, 0.00018458983535800963]
finished in 244 seconds
making--> ['0', '0.33988870039031976']
0.0 [0.0, 0.0, 4.315436095678463e-12, 4.315436095678463e-12]
0.8507108467459011 [1.0418916239717002, 1.0418916239717002, 0.8507108467459011, 0.8507108467459011]
3.4003700050497625 [4.16439190973858, 4.16439190973858, 3.4003700050497625, 3.4003700050497625]
7.641564673604497 []
13.561964641304467 []
21.144358889819006 []
30.366706668811155 []
41.20220287676033 []
53.61935753291516 []
67.58208908033158 []
83.04983121464771 []
99.97765288926418 []
118.3163911050945 []
138.01279605146806 []
159.00968812512485 []
181.24612631644155 []
183.12090611643416 []
183.51990611926573 []
188.19102475303993 []
179.12785520858586 []
145.4331753594263 []
110.591741270682 []
74.68371527627153 []
37.7915330187979 []
0.00030654646096420245 [0.0003065464657375941, 0.00030654646096420245, 0.00030654646573759404, 0.00030654646096420245]
finished in 244 seconds
making--> ['0', '0.5189414082101572']
0.0 [0.0, 0.0, 4.315436095678463e-12, 4.315436095678463e-12]
1.9824628556793629 [2.427945362001792, 2.427945362001792, 1.9824628556793629, 1.9824628556793629]
7.916419710138939 []
17.76166836126983 []
31.45151421347454 []
48.89323141014564 []
69.96870348093655 []
94.53523861614872 []
122.4265533544238 []
153.4539171966478 []
185.24988238942328 []
183.10216541541155 []
190.6420910703654 []
150.61784246673255 []
97.24065807524084 []
41.44919650265842 []
16.45849182747845 []
76.17419944089629 []
137.38137715796307 []
189.9309636032522 []
181.03149758443703 []
162.40443786845552 []
108.89568804853528 []
54.69318198225807 []
0.00016044758201325606 [0.00019348235907391248, 0.00019348234846837674, 0.00019348235450814878, 0.00019348235907391245, 0.00019348234846837674, 0.00019348235450814878, 0.00016044758201325606, 0.0001604475926593785, 0.00016044758201325606, 0.0001604475926593785]
finished in 245 seconds
making--> ['0', '0.6933586004587355']
0.0 [0.0, 0.0, 4.315436095678463e-12, 4.315436095678463e-12]
3.537460119236371 [4.33227637335893, 4.33227637335893, 3.537460119236371, 3.537460119236371]
14.107074718261185 []
31.58107443960924 []
55.7482628861564 []
86.31662033868213 []
122.9168991868883 []
165.10716219937405 []
182.80956937501986 []
190.96273606324544 []
131.6444391246343 []
58.58455796648212 []
18.415107681203946 []
98.62287149479675 []
181.28067362421893 []
181.05243438215507 []
142.2922802641422 []
70.268660166643 []
2.7349603232514728 [3.2978538109172404, 3.297853810947579, 3.2978538109549875, 3.2978538109172404, 3.297853810947579, 3.2978538109549875, 2.7349603232514728, 2.7349603232900535, 2.7349603232514728, 2.7349603232900535]
76.23349989720018 []
149.7429727117012 []
178.64268518141262 []
171.27801073639674 []
85.24644994876665 []
0.00030619662553384955 [0.00030619664823234335, 0.00030619664865098607, 0.00030619663990045826, 0.00030619662553384955, 0.00030619664823234335, 0.00030619664865098607, 0.00030619663990045826, 0.00030619662553384955]
finished in 243 seconds
making--> ['0', '0.8853830151012181']
0.0 [0.0, 0.0, 4.315436095678463e-12, 4.315436095678463e-12]
5.764502727766842 []
22.94445099136101 []
51.20144890463348 []
89.97906551722672 []
138.51400183830063 []
183.9627676435846 []
189.93212099372576 []
116.26257782458649 []
21.107202046567785 []
79.88831172603416 []
185.16519401569016 []
183.19247712889646 []
99.19925954254072 []
6.260845367879551 []
87.58173409537488 []
181.32142053519775 []
188.38548250983843 []
86.5263997917163 []
22.153915641817818 []
128.69592336915517 []
177.76490352965052 []
164.5864593157799 []
81.60786550253509 []
0.00036186574210610265 [0.00042390120735606794, 0.00042390120882294995, 0.00042390121271238386, 0.0004239012235309031, 0.0004239012145871929, 0.00042390120735606794, 0.00042390120882294995, 0.00042390121271238386, 0.0004239012235309031, 0.0004239012145871929, 0.0003618657509354697, 0.00036186574210610265, 0.00036186574422383073, 0.0003618657509354697, 0.00036186574210610265, 0.00036186574422383073]
finished in 242 seconds
making--> ['0', '1.1153224080340303']
0.0 [0.0, 0.0, 4.315436095678463e-12, 4.315436095678463e-12]
9.138628904057402 []
36.26912096706423 []
80.54438863089977 []
140.58262054649262 []
182.79431805256394 []
156.05216185322212 []
38.91034277824284 []
87.93012317782814 []
184.92360645795443 []
136.16357600725672 []
19.651762109706862 []
98.52440752542185 []
178.6511694022631 []
126.46029406675791 []
10.892106149257014 []
144.99575320768813 []
175.36348150063787 []
108.47094127596998 []
5.301218273675411 []
95.05783732937468 []
174.969768991649 []
179.63894377885168 []
98.53739044176697 []
0.00012157225708243496 [0.00012157227210734957, 0.00012157228502221923, 0.00012157228729650777, 0.0001215722867950831, 0.00012157227415749236, 0.00012157225708243496, 0.00012157227210734957, 0.00012157228502221923, 0.00012157228729650777, 0.0001215722867950831, 0.00012157227415749236, 0.00012157225708243496]
finished in 242 seconds
making--> ['0', '1.4154721171687041']
0.0 [0.0, 0.0, 4.315436095678463e-12, 4.315436095678463e-12]
14.695701876441642 []
58.044842803007306 []
127.87133223392756 []
182.92266749843273 []
116.8533690923123 []
38.10261267202838 []
188.38153037617695 []
118.53508325407039 []
30.136179723013484 []
180.11855977065974 []
131.96112441150566 []
42.00126072189662 []
182.39807991110163 []
132.75813130778732 []
1.5610654649615516 [1.8288104542607317, 1.828810454235489, 1.8288104542172037, 1.8288104541918855, 1.8288104541762706, 1.8288104542607315, 1.828810454235489, 1.8288104542172037, 1.8288104541918855, 1.8288104541762706, 1.5610654650371327, 1.5610654650111984, 1.5610654649615516, 1.5610654650371327, 1.5610654650111984, 1.5610654649615516]
125.06379050999328 []
170.67793657550257 []
114.24870180332654 []
10.896709772217182 []
129.1766528898694 []
163.95250541813655 []
171.029971253274 []
84.03259991265466 []
0.00017586909321980315 [0.00019311767191570225, 0.00038623543807596566, 0.00019311769568154734, 0.0001931177310318022, 0.0001931177403333842, 0.00019311772376473616, 0.00019311773086188065, 0.00019311767191570225, 0.00019311776617047, 0.00019311769568154734, 0.0001931177310318022, 0.0001931177403333842, 0.00019311772376473616, 0.00019311773086188065, 0.00038623543807596566, 0.00019311776617047, 0.00017586909321980315, 0.00035173827011602366, 0.00017586914445473533, 0.00017586914307291752, 0.00017586909321980315, 0.00017586917689623742, 0.00017586914445473533, 0.00017586914307291752, 0.00035173827011602366, 0.00017586917689623742]
finished in 242 seconds
making--> ['0', '1.6114477357486965']
0.0 [0.0, 0.0, 4.315436095678463e-12, 4.315436095678463e-12]
19.023009367870486 []
74.85554600117824 []
163.87009394451476 []
180.3047157200066 []
11.216992287656902 []
176.65983967360174 []
123.05383381424674 []
46.28728332578923 []
178.64239657352462 []
64.59806195141024 []
130.86533112441177 []
177.90307110048042 []
27.505089576800493 []
117.41909986168446 []
171.87397530986976 []
86.784750568305 []
53.56728818134174 []
180.82697183995504 []
164.78398059368004 []
103.87806663801571 []
7.636452923891543 []
84.2581465967407 []
170.6029804884179 []
0.0002303235650997554 [0.0002303235650997554, 0.00023032359270463, 0.0002303235650997554, 0.00023032359270463]
finished in 242 seconds
making--> ['0', '2.213019082268267']
0.0 [0.0, 0.0, 4.315436095678463e-12, 4.315436095678463e-12]
35.70409204350973 []
138.46140399147492 []
161.31498073962555 []
79.68349621343049 []
145.23937348131332 []
87.30255619534563 []
141.77915229038246 []
128.27915658221556 []
123.32339631004649 []
79.41868456756819 []
174.8280770125817 []
18.37830541793753 []
165.96269253716974 []
171.7443594130297 []
45.677512370761086 []
81.83709265242962 []
112.13025619676492 []
117.83518806364833 []
110.79927324273174 []
16.50559712611223 []
69.35513692135848 []
120.67842006910385 []
123.96191768922384 []
0.00018458982085815345 [0.00018458982085815348, 0.00018458983002944175, 0.00018458982286004348, 0.00018458982585826535, 0.00018458982085815345, 0.00018458983002944175, 0.00018458982286004348, 0.00018458982585826535]
finished in 242 seconds
making--> ['1025', '0.5189414082101572']
0.0 [0.0, 0.0, 4.315436095678463e-12, 4.315436095678463e-12]
8.372873883094714 []
17.776312991167057 []
29.050591626058775 []
42.77205348853786 []
59.287010195728726 []
78.78077474893603 []
101.336249603497 []
126.97223953030327 []
155.66593759482103 []
187.36558113095404 []
221.99749800241287 []
259.470041044263 []
228.70450285926682 []
199.54877612353997 []
178.99366327278017 []
172.40644966761457 []
183.19497420933212 []
210.09827504268728 []
189.93096360326598 []
181.03149758444363 []
162.40443786846072 []
108.89568804850634 []
54.6931819823153 []
0.00016044759204070648 [0.00019348235855777473, 0.00019348235855777473, 0.00016044759204070648, 0.00016044759204070648]
finished in 243 seconds
making--> ['1025', '0.6933586004587355']
0.0 [0.0, 0.0, 4.315436095678463e-12, 4.315436095678463e-12]
11.371407510263944 []
25.10811474304462 []
42.897368603296144 []
65.65863790509898 []
93.79501746277778 []
127.42401575513534 []
166.5070612536662 []
210.91150903191047 []
260.4391248752276 []
217.4994228992529 []
183.98888670572777 []
172.4792993723402 []
191.4532642482312 []
195.67902429171446 []
181.05243438216425 []
142.2922802641364 []
70.26866016663101 []
2.734960323252641 [3.297853810906132, 3.297853810906132, 2.734960323252641, 2.734960323252641]
76.23349989722259 []
149.74297271166623 []
178.64268518142794 []
171.27801073637067 []
85.2464499487239 []
0.00030619673785045555 [0.00030619673785045555, 0.00030619674021246755, 0.00030619673785045555, 0.00030619674021246755]
finished in 242 seconds
making--> ['1025', '0.8853830151012181']
0.0 [0.0, 0.0, 4.315436095678463e-12, 4.315436095678463e-12]
14.851501282671025 []
34.38678406470855 []
61.437217045474306 []
97.15553513049757 []
141.82090800734235 []
195.3045039954394 []
257.25686920664907 []
209.06139717053614 []
174.79518407195337 []
184.41710156508114 []
194.3647240085704 []
183.19247712890075 []
99.19925954255666 []
6.260845367894879 []
87.58173409544256 []
181.32142053519425 []
188.38548250983263 []
86.52639979170266 []
22.153915641819886 []
128.69592336920985 []
177.76490352968625 []
164.58645931581322 []
81.60786550250107 []
0.00036186571958524334 [0.0004239012430180315, 0.0004239012184422135, 0.00042390119945372813, 0.0004239012430180315, 0.0004239012184422135, 0.00042390119945372813, 0.00036186575177366064, 0.00036186571958524334, 0.00036186575177366064, 0.00036186571958524334]
finished in 244 seconds
making--> ['1025', '1.1153224080340303']
0.0 [0.0, 0.0, 4.315436095678463e-12, 4.315436095678463e-12]
19.322976295209706 []
47.39763016194158 []
88.49755655385187 []
143.73454022310383 []
212.93255842633891 []
232.0591203574416 []
178.3640591426502 []
187.26301410091006 []
184.923606457943 []
136.16357600726352 []
19.651762109717257 []
98.52440752541568 []
178.6511694022585 []
126.4602940667838 []
10.892106149254452 []
144.99575320769355 []
175.36348150064902 []
108.4709412759474 []
5.301218273699183 []
95.05783732937635 []
174.96976899165995 []
179.63894377885276 []
98.53739044182149 []
0.0001215722699406826 [0.00012157229085965458, 0.00012157229729803974, 0.00012157227457306676, 0.0001215722699406826, 0.00012157229085965458, 0.00012157229729803974, 0.00012157227457306676, 0.0001215722699406826]
finished in 244 seconds
making--> ['1025', '1.4154721171687041']
0.0 [0.0, 0.0, 4.315436095678463e-12, 4.315436095678463e-12]
25.75664881986996 []
67.78493659765833 []
131.99145794241244 []
218.779226033496 []
209.37380106062523 []
174.29873816500745 []
188.38153037618994 []
118.5350832540646 []
30.13617972297767 []
180.11855977064158 []
131.96112441145644 []
42.0012607219263 []
182.39807991112886 []
132.75813130781455 []
1.5610654650139937 [1.8288104542375072, 1.8288104542446153, 1.8288104542399757, 1.8288104542375072, 1.8288104542446153, 1.8288104542399757, 1.5610654650139937, 1.5610654650149605, 1.5610654650139937, 1.5610654650149605]
125.06379050998272 []
170.6779365755057 []
114.24870180335877 []
10.896709772255623 []
129.1766528898822 []
163.95250541815167 []
171.02997125328056 []
84.03259991260825 []
0.0001758691228775785 [0.00019311768456272644, 0.00019311769244322329, 0.00019311770773796638, 0.0001931177238535571, 0.00019311773430991653, 0.00019311768456272644, 0.00019311769244322329, 0.00019311770773796638, 0.0001931177238535571, 0.00019311773430991653, 0.0001758691228775785, 0.00017586912906143522, 0.00017586917007111577, 0.0001758691228775785, 0.00017586912906143522, 0.00017586917007111577]
finished in 242 seconds
making--> ['1025', '2.213019082268267']
0.0 [0.0, 0.0, 4.315436095678463e-12, 4.315436095678463e-12]
46.85842247943351 []
141.77226449969137 []
235.36460517912494 []
184.34816635427498 []
145.23937348133532 []
87.30255619536716 []
141.77915229038652 []
128.2791565822124 []
123.32339631002728 []
79.41868456760183 []
174.82807701259503 []
18.37830541797771 []
165.9626925371475 []
171.74435941303784 []
45.677512370791376 []
81.83709265245929 []
157.1565993565462 []
153.78892898505242 []
110.79927324268718 []
16.505597126182376 []
69.35513692139739 []
120.67842006910587 []
123.9619176891865 []
0.00018458975678922659 [0.00018458975678922659, 0.00018458979858121621, 0.00018458975678922659, 0.00018458979858121621]
finished in 242 seconds
making--> ['1408', '0.8853830151012181']
0.0 [0.0, 0.0, 4.315436095678463e-12, 4.315436095678463e-12]
104.24877920615552 []
207.93134961278693 []
298.85849072267706 []
298.8584907226718 []
298.8584907226788 []
298.85849072267024 []
298.8584907226758 []
298.8584907226821 []
298.85849072268115 []
298.85849072267763 []
298.8584907226801 []
298.85849072267615 []
298.8584907226817 []
298.8584907226773 []
298.8584907226711 []
298.85849072267354 []
298.8584907226765 []
298.8584907226746 []
282.97356139374466 []
215.59310015317143 []
177.76490352968978 []
164.58645931585397 []
81.60786550254873 []
0.00036186575295390604 [0.000423901233006236, 0.000423901233006236, 0.00036186575295390604, 0.00036186575295390604]
finished in 241 seconds
making--> ['1408', '1.1153224080340303']
0.0 [0.0, 0.0, 4.315436095678463e-12, 4.315436095678463e-12]
131.25295449385555 []
261.3761935010689 []
298.85849072267524 []
298.85849072267195 []
298.85849072267246 []
298.8584907226776 []
298.8584907226783 []
298.85849072267996 []
298.85849072267246 []
298.85849072268053 []
298.8584907226736 []
298.85849072267115 []
298.85849072267854 []
298.8584907226676 []
290.9925140603019 []
207.25878033071544 []
175.36348150064168 []
108.47094127595535 []
5.30121827369636 []
95.05783732942291 []
174.9697689916608 []
179.6389437788497 []
98.53739044181506 []
0.00012157227657230833 [0.00012157230030081546, 0.00012157227657230833, 0.00012157230030081546, 0.00012157227657230833]
finished in 241 seconds
making--> ['1408', '1.4154721171687041']
0.0 [0.0, 0.0, 4.315436095678463e-12, 4.315436095678463e-12]
166.42878671358267 []
298.8584907226748 []
298.8584907226772 []
298.8584907226707 []
298.85849072267825 []
298.85849072267604 []
298.85849072267655 []
298.8584907226788 []
298.8584907226783 []
298.85849072268036 []
298.8584907226785 []
269.1592401335638 []
182.39807991110388 []
132.75813130781955 []
1.561065465008128 [1.8288104542208266, 1.8288104542208266, 1.561065465008128, 1.561065465008128]
125.06379051004102 []
170.6779365755122 []
114.2487018033892 []
10.896709772275393 []
129.17665288989147 []
163.95250541815503 []
171.0299712532957 []
84.03259991261423 []
0.00017586913319833864 [0.00019311773209410303, 0.00019311772231791425, 0.00019311768311542694, 0.00019311773209410303, 0.00019311772231791425, 0.00019311768311542694, 0.00017586914373533065, 0.00017586913319833864, 0.00017586914373533065, 0.00017586913319833864]
finished in 242 seconds
making--> ['384', '0.8853830151012181']
0.0 [0.0, 0.0, 4.315436095678463e-12, 4.315436095678463e-12]
52.21294472942608 []
104.66938692688241 []
157.59311511860972 []
211.1699053605114 []
265.5318378356535 []
298.8584907226768 []
298.8584907226802 []
298.85849072267905 []
298.85849072267604 []
298.8584907226744 []
298.85849072267666 []
298.85849072268167 []
298.85849072267547 []
298.85849072267683 []
298.8584907226793 []
298.85849072267666 []
298.8584907226772 []
298.85849072268104 []
282.973561393769 []
215.5931001531525 []
177.76490352968182 []
164.58645931586213 []
81.60786550254159 []
0.00036186574477790293 [0.0004239012292537658, 0.0004239012292537658, 0.00036186574477790293, 0.00036186574477790293]
finished in 240 seconds
making--> ['384', '1.1153224080340303']
0.0 [0.0, 0.0, 4.315436095678463e-12, 4.315436095678463e-12]
65.80326487990509 []
132.08746386104767 []
199.27188932824942 []
267.65938937241197 []
298.858490722674 []
298.8584907226744 []
298.8584907226802 []
298.8584907226754 []
298.8584907226694 []
298.8584907226804 []
298.85849072267524 []
298.8584907226734 []
298.8584907226718 []
298.8584907226741 []
290.99251406029276 []
207.25878033066562 []
175.36348150066848 []
108.47094127598469 []
5.3012182737151585 []
95.05783732941637 []
174.9697689916487 []
179.63894377884284 []
98.53739044180519 []
0.00012157224664996153 [0.00012157227166048299, 0.00012157224664996153, 0.00012157227166048299, 0.00012157224664996153]
finished in 241 seconds
making--> ['385', '1.4154721171687041']
0.0 [0.0, 0.0, 4.315436095678463e-12, 4.315436095678463e-12]
83.57498421540463 []
168.11365184254836 []
254.38136019707323 []
298.85849072267195 []
298.85849072266547 []
298.8584907226749 []
298.8584907226692 []
298.8584907226705 []
298.85849072267115 []
298.8584907226776 []
298.8584907226785 []
247.39302431200332 []
93.67619430553059 []
58.13376067553409 []
1.5610654649901727 [1.5610654649901727, 1.5610654649901727]
125.06379051001824 []
170.67793657550686 []
114.2487018034011 []
10.89670977225998 []
129.1766528899444 []
163.952505418137 []
122.68380449063878 []
49.46981401067436 []
0.0001758691535512965 [0.0001931177577991763, 0.00019311773422952888, 0.0001931177577991763, 0.00019311773422952888, 0.00017586917020116948, 0.0001758691535512965, 0.00017586917020116948, 0.0001758691535512965]
finished in 241 seconds
making--> ['768', '0.6933586004587355']
0.0 [0.0, 0.0, 4.315436095678463e-12, 4.315436095678463e-12]
81.65059446337575 []
162.92658774593437 []
243.45542097729142 []
298.85849072266853 []
298.8584907226798 []
298.8584907226688 []
298.85849072267507 []
298.85849072267854 []
298.85849072267257 []
298.8584907226757 []
298.8584907226808 []
298.85849072266774 []
298.85849072267956 []
298.8584907226748 []
298.8584907226783 []
298.85849072266916 []
298.85849072267735 []
298.85849072267126 []
298.8584907226775 []
298.85849072267507 []
257.66285039915806 []
171.27801073635095 []
85.24644994877666 []
0.00030619664017738827 [0.00030619664017738827, 0.00030619664017738827]
finished in 241 seconds
making--> ['768', '0.8853830151012181']
0.0 [0.0, 0.0, 4.315436095678463e-12, 4.315436095678463e-12]
104.21327355885158 []
207.6472231928712 []
298.85849072268053 []
298.8584907226749 []
298.85849072267837 []
298.85849072267695 []
298.85849072267985 []
298.8584907226818 []
298.85849072267445 []
298.85849072267456 []
298.85849072267223 []
298.8584907226786 []
298.8584907226793 []
298.85849072267365 []
298.85849072267894 []
298.85849072267524 []
196.47502614938134 []
86.5263997917069 []
22.153915641851913 []
128.69592336922642 []
177.76490352968767 []
164.58645931580963 []
81.60786550251494 []
0.0003618657628600401 [0.0004239012380224716, 0.00042390123498645403, 0.0004239012380224716, 0.00042390123498645403, 0.0003618657628600401, 0.0003618657628600401]
finished in 244 seconds
making--> ['768', '1.1153224080340303']
0.0 [0.0, 0.0, 4.315436095678463e-12, 4.315436095678463e-12]
131.18197491594847 []
260.80814996450357 []
298.8584907226731 []
298.8584907226788 []
298.8584907226791 []
298.8584907226774 []
298.8584907226815 []
298.8584907226731 []
298.85849072267695 []
298.8584907226802 []
298.8584907226778 []
298.8584907226739 []
265.3073466261391 []
126.46029406680779 []
10.892106149275325 []
144.99575320774866 []
175.36348150063804 []
108.47094127594322 []
5.301218273712778 []
95.05783732933325 []
174.9697689916567 []
179.63894377886206 []
98.53739044180165 []
0.00012157229062683578 [0.00012157229062683578, 0.00012157230134980356, 0.00012157232314925317, 0.00012157229062683578, 0.00012157230134980356, 0.00012157232314925317]
finished in 245 seconds
making--> ['768', '1.4154721171687041']
0.0 [0.0, 0.0, 4.315436095678463e-12, 4.315436095678463e-12]
166.28368300338775 []
298.85849072267825 []
298.85849072268115 []
298.8584907226767 []
298.85849072267 []
298.85849072267246 []
298.8584907226742 []
298.8584907226784 []
298.8584907226778 []
298.8584907226785 []
131.9611244114869 []
42.00126072190982 []
182.39807991112522 []
132.75813130783337 []
1.5610654650163163 [1.8288104542441257, 1.8288104542209969, 1.8288104542441257, 1.8288104542209969, 1.5610654650163163, 1.5610654650163163]
125.06379050998018 []
170.67793657550925 []
114.24870180335009 []
10.896709772251306 []
129.17665288987266 []
163.95250541812683 []
171.0299712533138 []
84.03259991262446 []
0.00017586915058501857 [0.00019311771864158984, 0.00019311774520867016, 0.00019311774801201808, 0.00019311775618614373, 0.00019311771864158984, 0.00019311774520867016, 0.00019311774801201808, 0.00019311775618614373, 0.00017586915058501857, 0.00017586917510528058, 0.00017586915058501857, 0.00017586917510528058]
finished in 244 seconds
making--> ['768', '2.213019082268267']
0.0 [0.0, 0.0, 4.315436095678463e-12, 4.315436095678463e-12]
258.7796661552914 []
298.8584907226778 []
298.8584907226806 []
298.85849072267973 []
298.858490722674 []
298.8584907226774 []
141.77915229041386 []
128.2791565822262 []
123.32339631002014 []
79.41868456757365 []
174.82807701259952 []
18.378305417926512 []
165.9626925370933 []
171.74435941305987 []
45.67751237081841 []
81.83709265244539 []
157.1565993565724 []
153.788928985026 []
110.79927324266833 []
16.505597126162307 []
69.3551369213918 []
146.59528576846483 []
123.96191768910849 []
0.00018458982989961868 [0.00018458982989961868, 0.00018458982989961868]
finished in 243 seconds
